[2025-01-25 09:24:06,678: INFO: common: yaml file: config\config.yaml loaded sucessfully]
[2025-01-25 09:24:06,784: INFO: common: yaml file: params.yaml loaded sucessfully]
[2025-01-25 09:24:40,471: INFO: common: yaml file: config\config.yaml loaded sucessfully]
[2025-01-25 09:24:40,477: INFO: common: yaml file: params.yaml loaded sucessfully]
[2025-01-25 09:24:40,484: INFO: common: yaml file: schema.yaml loaded sucessfully]
[2025-01-25 09:24:40,593: INFO: common: Craeted directory at:artifacts]
[2025-01-25 09:24:40,596: INFO: common: Craeted directory at:artifacts/data_ingestion]
[2025-01-25 09:26:08,830: INFO: 3554620280: artifacts/data_ingestion/data.zip download ! with the following info:
Connection: close
Content-Length: 23329
Cache-Control: max-age=300
Content-Security-Policy: default-src 'none'; style-src 'unsafe-inline'; sandbox
Content-Type: application/zip
ETag: "c69888a4ae59bc5a893392785a938ccd4937981c06ba8a9d6a21aa52b4ab5b6e"
Strict-Transport-Security: max-age=31536000
X-Content-Type-Options: nosniff
X-Frame-Options: deny
X-XSS-Protection: 1; mode=block
X-GitHub-Request-Id: A213:08E2:7A83C:C4ABA:679460D8
Accept-Ranges: bytes
Date: Sat, 25 Jan 2025 03:56:08 GMT
Via: 1.1 varnish
X-Served-By: cache-hyd1100032-HYD
X-Cache: MISS
X-Cache-Hits: 0
X-Timer: S1737777369.681042,VS0,VE279
Vary: Authorization,Accept-Encoding,Origin
Access-Control-Allow-Origin: *
Cross-Origin-Resource-Policy: cross-origin
X-Fastly-Request-ID: c2b57030ddd4e3d89f0db100861c797c3884d57e
Expires: Sat, 25 Jan 2025 04:01:08 GMT
Source-Age: 0

]
[2025-01-25 09:45:44,547: INFO: main: >>>>>> stage Data Ingestion Stage started <<<<<<<<]
[2025-01-25 09:45:44,549: INFO: common: yaml file: config\config.yaml loaded sucessfully]
[2025-01-25 09:45:44,550: INFO: common: yaml file: params.yaml loaded sucessfully]
[2025-01-25 09:45:44,550: INFO: common: yaml file: schema.yaml loaded sucessfully]
[2025-01-25 09:45:44,552: INFO: common: Craeted directory at:artifacts]
[2025-01-25 09:45:44,552: INFO: common: Craeted directory at:artifacts/data_ingestion]
[2025-01-25 09:46:27,797: INFO: data_ingestion: artifacts/data_ingestion/data.zip download ! with the following info:
Connection: close
Content-Length: 23329
Cache-Control: max-age=300
Content-Security-Policy: default-src 'none'; style-src 'unsafe-inline'; sandbox
Content-Type: application/zip
ETag: "c69888a4ae59bc5a893392785a938ccd4937981c06ba8a9d6a21aa52b4ab5b6e"
Strict-Transport-Security: max-age=31536000
X-Content-Type-Options: nosniff
X-Frame-Options: deny
X-XSS-Protection: 1; mode=block
X-GitHub-Request-Id: A213:08E2:7A83C:C4ABA:679460D8
Accept-Ranges: bytes
Date: Sat, 25 Jan 2025 04:16:27 GMT
Via: 1.1 varnish
X-Served-By: cache-hyd1100034-HYD
X-Cache: HIT
X-Cache-Hits: 0
X-Timer: S1737778588.598111,VS0,VE286
Vary: Authorization,Accept-Encoding,Origin
Access-Control-Allow-Origin: *
Cross-Origin-Resource-Policy: cross-origin
X-Fastly-Request-ID: 5854fde2a7514d579f0b6568a5444f21002359b1
Expires: Sat, 25 Jan 2025 04:21:27 GMT
Source-Age: 0

]
[2025-01-25 09:46:27,862: INFO: main: >>>>>> stage Data Ingestion Stage completed <<<<<<<

x============x]
[2025-01-25 10:29:59,999: INFO: common: yaml file: config\config.yaml loaded sucessfully]
[2025-01-25 10:30:00,024: INFO: common: yaml file: params.yaml loaded sucessfully]
[2025-01-25 10:30:00,028: INFO: common: yaml file: schema.yaml loaded sucessfully]
[2025-01-25 10:30:00,044: INFO: common: Craeted directory at:artifacts]
[2025-01-25 10:30:24,527: INFO: common: yaml file: config\config.yaml loaded sucessfully]
[2025-01-25 10:30:24,529: INFO: common: yaml file: params.yaml loaded sucessfully]
[2025-01-25 10:30:24,532: INFO: common: yaml file: schema.yaml loaded sucessfully]
[2025-01-25 10:30:24,533: INFO: common: Craeted directory at:artifacts]
[2025-01-25 10:30:56,715: INFO: common: yaml file: config\config.yaml loaded sucessfully]
[2025-01-25 10:30:56,720: INFO: common: yaml file: params.yaml loaded sucessfully]
[2025-01-25 10:30:56,723: INFO: common: yaml file: schema.yaml loaded sucessfully]
[2025-01-25 10:30:56,725: INFO: common: Craeted directory at:artifacts]
[2025-01-25 10:33:27,421: INFO: common: yaml file: config\config.yaml loaded sucessfully]
[2025-01-25 10:33:27,423: INFO: common: yaml file: params.yaml loaded sucessfully]
[2025-01-25 10:33:27,428: INFO: common: yaml file: schema.yaml loaded sucessfully]
[2025-01-25 10:33:27,430: INFO: common: Craeted directory at:artifacts]
[2025-01-25 10:33:45,649: INFO: common: yaml file: config\config.yaml loaded sucessfully]
[2025-01-25 10:33:45,651: INFO: common: yaml file: params.yaml loaded sucessfully]
[2025-01-25 10:33:45,654: INFO: common: yaml file: schema.yaml loaded sucessfully]
[2025-01-25 10:33:45,655: INFO: common: Craeted directory at:artifacts]
[2025-01-25 10:33:45,657: INFO: common: Craeted directory at:artifacts/data_validation]
[2025-01-25 10:34:15,021: INFO: common: yaml file: config\config.yaml loaded sucessfully]
[2025-01-25 10:34:15,023: INFO: common: yaml file: params.yaml loaded sucessfully]
[2025-01-25 10:34:15,026: INFO: common: yaml file: schema.yaml loaded sucessfully]
[2025-01-25 10:34:15,029: INFO: common: Craeted directory at:artifacts]
[2025-01-25 10:34:15,031: INFO: common: Craeted directory at:artifacts/data_validation]
[2025-01-25 10:52:38,445: INFO: main: >>>>>> stage Data Ingestion Stage started <<<<<<<<]
[2025-01-25 10:52:38,487: INFO: common: yaml file: config\config.yaml loaded sucessfully]
[2025-01-25 10:52:38,488: INFO: common: yaml file: params.yaml loaded sucessfully]
[2025-01-25 10:52:38,492: INFO: common: yaml file: schema.yaml loaded sucessfully]
[2025-01-25 10:52:38,493: INFO: common: Craeted directory at:artifacts]
[2025-01-25 10:52:38,493: INFO: common: Craeted directory at:artifacts/data_ingestion]
[2025-01-25 10:52:38,493: INFO: data_ingestion: File already exists]
[2025-01-25 10:52:38,557: INFO: main: >>>>>> stage Data Ingestion Stage completed <<<<<<<

x============x]
[2025-01-25 10:52:38,557: INFO: main: >>>>>> stage Data Validation Stage started <<<<<<<<]
[2025-01-25 10:52:38,559: INFO: common: yaml file: config\config.yaml loaded sucessfully]
[2025-01-25 10:52:38,559: INFO: common: yaml file: params.yaml loaded sucessfully]
[2025-01-25 10:52:38,561: INFO: common: yaml file: schema.yaml loaded sucessfully]
[2025-01-25 10:52:38,562: INFO: common: Craeted directory at:artifacts]
[2025-01-25 10:52:38,562: INFO: common: Craeted directory at:artifacts/data_validation]
[2025-01-25 10:52:38,592: INFO: main: >>>>>> stage Data Validation Stage completed <<<<<<<

x============x]
